[game4ou.xyz/firekirinfree1/index.html]
[backblue.gif]
[fade.gif]
[index.html]
[browser.sentry-cdn.com/6.4.1/bundle.min.js]
[www.google-analytics.com/analytics.js]
[d13pxqgp3ixdbh.cloudfront.net/uploads/16378680020e5e38d7eda5dd0d88790771b70bea6a.jpg]
[d13pxqgp3ixdbh.cloudfront.net/uploads/1637868644b7890ab88d706b4ca0f7b5961f091e69.png]
[d13pxqgp3ixdbh.cloudfront.net/uploads/1588655236954cab46587f373a577750abb32ce621.png]
[d13pxqgp3ixdbh.cloudfront.net/uploads/1636471537cc9c306f7c389c185189bf3daf7260c1.png]
[d13pxqgp3ixdbh.cloudfront.net/uploads/16356530149871f3ad26cacfb5ad62be3af4f83078.png]
[d13pxqgp3ixdbh.cloudfront.net/uploads/16356530079192e6f42956c06c93882dc8f2b524f5.png]
[d13pxqgp3ixdbh.cloudfront.net/uploads/16356530209e46ef11b612e6f52b6e6b67f322a7af.png]
[d13pxqgp3ixdbh.cloudfront.net/uploads/163565302671a941e9ac48f19ce1f2ca237332eb50.png]
[d13pxqgp3ixdbh.cloudfront.net/uploads/1636472786ee1905a53e0b903bb72600a288d20d03.png]
[d13pxqgp3ixdbh.cloudfront.net/uploads/1635653021ac61a7aa31f58b94c30339f142fa4242.png]
[d13pxqgp3ixdbh.cloudfront.net/uploads/163542468278c021e06cc778d4aef36f80e47413a2.gif]
[ajax.googleapis.com/ajax/libs/jquery/2.2.4/jquery.min.js]
[dby7kx9z9yzse.cloudfront.net/c5eb482.js]
[game4ou.xyz/firekirinfree1/index.html]
[game4ou.xyz/firekirinfree1/customTemplateGlobal.html]
